["2024-08-02T13:09:02.746", "DEBUG", "ubuntupro.config", "parse_config", 633, "Using client configuration file at /etc/ubuntu-advantage/uaclient.conf", {}]
["2024-08-02T13:09:02.747", "DEBUG", "ubuntupro.system", "load_file", 517, "Reading file: /etc/ubuntu-advantage/uaclient.conf", {}]
["2024-08-02T13:09:02.747", "DEBUG", "ubuntupro.files.files", "read", 60, "Tried to load /var/lib/ubuntu-advantage/user-config.json but file does not exist", {}]
["2024-08-02T13:09:02.755", "DEBUG", "ubuntupro.http", "configure_web_proxy", 146, "Setting no_proxy: 169.254.169.254,[fd00:ec2::254],metadata", {}]
["2024-08-02T13:09:02.755", "DEBUG", "ubuntupro.http", "configure_web_proxy", 154, "Setting global proxy dict", {}]
["2024-08-02T13:09:02.755", "DEBUG", "ubuntupro.cli", "main", 1821, "Executed with sys.argv: ['/usr/bin/pro', 'security-status', '--format=json']", {}]
["2024-08-02T13:09:02.755", "DEBUG", "ubuntupro.files.files", "read", 60, "Tried to load /var/lib/ubuntu-advantage/machine-token.json but file does not exist", {}]
["2024-08-02T13:09:03.085", "DEBUG", "ubuntupro.system", "load_file", 517, "Reading file: /etc/os-release", {}]
["2024-08-02T13:09:03.103", "DEBUG", "ubuntupro.livepatch", "status", 126, "canonical-livepatch is not installed", {}]
["2024-08-02T13:09:03.103", "DEBUG", "ubuntupro.livepatch", "status", 126, "canonical-livepatch is not installed", {}]
["2024-08-02T13:09:03.103", "DEBUG", "ubuntupro.system", "load_file", 517, "Reading file: /proc/version_signature", {}]
["2024-08-02T13:09:03.106", "WARNING", "ubuntupro.system", "_get_kernel_build_date", 131, "Unable to parse build date from uname version", {}]
["2024-08-02T13:09:03.113", "WARNING", "ubuntupro.system", "_get_kernel_changelog_timestamp", 104, "Falling back to using timestamp of kernel changelog", {}]
["2024-08-12T08:30:25.150", "DEBUG", "ubuntupro.config", "parse_config", 633, "Using client configuration file at /etc/ubuntu-advantage/uaclient.conf", {}]
["2024-08-12T08:30:25.150", "DEBUG", "ubuntupro.system", "load_file", 517, "Reading file: /etc/ubuntu-advantage/uaclient.conf", {}]
["2024-08-12T08:30:25.151", "DEBUG", "ubuntupro.files.files", "read", 60, "Tried to load /var/lib/ubuntu-advantage/user-config.json but file does not exist", {}]
["2024-08-12T08:30:25.159", "DEBUG", "ubuntupro.http", "configure_web_proxy", 146, "Setting no_proxy: 169.254.169.254,[fd00:ec2::254],metadata", {}]
["2024-08-12T08:30:25.159", "DEBUG", "ubuntupro.http", "configure_web_proxy", 154, "Setting global proxy dict", {}]
["2024-08-12T08:30:25.159", "DEBUG", "ubuntupro.cli", "main", 1821, "Executed with sys.argv: ['/usr/bin/pro', 'security-status', '--format=json']", {}]
["2024-08-12T08:30:25.159", "DEBUG", "ubuntupro.files.files", "read", 60, "Tried to load /var/lib/ubuntu-advantage/machine-token.json but file does not exist", {}]
["2024-08-12T08:30:25.487", "DEBUG", "ubuntupro.system", "load_file", 517, "Reading file: /etc/os-release", {}]
["2024-08-12T08:30:25.504", "DEBUG", "ubuntupro.livepatch", "status", 126, "canonical-livepatch is not installed", {}]
["2024-08-12T08:30:25.505", "DEBUG", "ubuntupro.livepatch", "status", 126, "canonical-livepatch is not installed", {}]
["2024-08-12T08:30:25.505", "DEBUG", "ubuntupro.system", "load_file", 517, "Reading file: /proc/version_signature", {}]
["2024-08-12T08:30:25.507", "WARNING", "ubuntupro.system", "_get_kernel_build_date", 131, "Unable to parse build date from uname version", {}]
["2024-08-12T08:30:25.515", "WARNING", "ubuntupro.system", "_get_kernel_changelog_timestamp", 104, "Falling back to using timestamp of kernel changelog", {}]
["2024-08-21T10:37:50.545", "DEBUG", "ubuntupro.config", "parse_config", 633, "Using client configuration file at /etc/ubuntu-advantage/uaclient.conf", {}]
["2024-08-21T10:37:50.546", "DEBUG", "ubuntupro.system", "load_file", 517, "Reading file: /etc/ubuntu-advantage/uaclient.conf", {}]
["2024-08-21T10:37:50.546", "DEBUG", "ubuntupro.files.files", "read", 60, "Tried to load /var/lib/ubuntu-advantage/user-config.json but file does not exist", {}]
["2024-08-21T10:37:50.555", "DEBUG", "ubuntupro.http", "configure_web_proxy", 146, "Setting no_proxy: 169.254.169.254,[fd00:ec2::254],metadata", {}]
["2024-08-21T10:37:50.555", "DEBUG", "ubuntupro.http", "configure_web_proxy", 154, "Setting global proxy dict", {}]
["2024-08-21T10:37:50.555", "DEBUG", "ubuntupro.cli", "main", 1821, "Executed with sys.argv: ['/usr/bin/pro', 'security-status', '--format=json']", {}]
["2024-08-21T10:37:50.555", "DEBUG", "ubuntupro.files.files", "read", 60, "Tried to load /var/lib/ubuntu-advantage/machine-token.json but file does not exist", {}]
["2024-08-21T10:37:50.889", "DEBUG", "ubuntupro.system", "load_file", 517, "Reading file: /etc/os-release", {}]
["2024-08-21T10:37:50.906", "DEBUG", "ubuntupro.livepatch", "status", 126, "canonical-livepatch is not installed", {}]
["2024-08-21T10:37:50.907", "DEBUG", "ubuntupro.livepatch", "status", 126, "canonical-livepatch is not installed", {}]
["2024-08-21T10:37:50.907", "DEBUG", "ubuntupro.system", "load_file", 517, "Reading file: /proc/version_signature", {}]
["2024-08-21T10:37:50.909", "WARNING", "ubuntupro.system", "_get_kernel_build_date", 131, "Unable to parse build date from uname version", {}]
["2024-08-21T10:37:50.917", "WARNING", "ubuntupro.system", "_get_kernel_changelog_timestamp", 104, "Falling back to using timestamp of kernel changelog", {}]
["2024-08-28T10:52:56.503", "DEBUG", "ubuntupro.config", "parse_config", 633, "Using client configuration file at /etc/ubuntu-advantage/uaclient.conf", {}]
["2024-08-28T10:52:56.531", "DEBUG", "ubuntupro.system", "load_file", 517, "Reading file: /etc/ubuntu-advantage/uaclient.conf", {}]
["2024-08-28T10:52:56.540", "DEBUG", "ubuntupro.files.files", "read", 60, "Tried to load /var/lib/ubuntu-advantage/user-config.json but file does not exist", {}]
["2024-08-28T10:52:56.549", "DEBUG", "ubuntupro.http", "configure_web_proxy", 146, "Setting no_proxy: 169.254.169.254,[fd00:ec2::254],metadata", {}]
["2024-08-28T10:52:56.549", "DEBUG", "ubuntupro.http", "configure_web_proxy", 154, "Setting global proxy dict", {}]
["2024-08-28T10:52:56.550", "DEBUG", "ubuntupro.cli", "main", 1821, "Executed with sys.argv: ['/usr/bin/pro', 'security-status', '--format=json']", {}]
["2024-08-28T10:52:56.550", "DEBUG", "ubuntupro.files.files", "read", 60, "Tried to load /var/lib/ubuntu-advantage/machine-token.json but file does not exist", {}]
["2024-08-28T10:52:56.907", "DEBUG", "ubuntupro.system", "load_file", 517, "Reading file: /etc/os-release", {}]
["2024-08-28T10:52:56.924", "DEBUG", "ubuntupro.livepatch", "status", 126, "canonical-livepatch is not installed", {}]
["2024-08-28T10:52:56.924", "DEBUG", "ubuntupro.livepatch", "status", 126, "canonical-livepatch is not installed", {}]
["2024-08-28T10:52:56.924", "DEBUG", "ubuntupro.system", "load_file", 517, "Reading file: /proc/version_signature", {}]
["2024-08-28T10:52:56.939", "WARNING", "ubuntupro.system", "_get_kernel_build_date", 131, "Unable to parse build date from uname version", {}]
["2024-08-28T10:52:56.964", "WARNING", "ubuntupro.system", "_get_kernel_changelog_timestamp", 104, "Falling back to using timestamp of kernel changelog", {}]
["2024-09-04T11:22:24.832", "DEBUG", "ubuntupro.config", "parse_config", 633, "Using client configuration file at /etc/ubuntu-advantage/uaclient.conf", {}]
["2024-09-04T11:22:24.833", "DEBUG", "ubuntupro.system", "load_file", 517, "Reading file: /etc/ubuntu-advantage/uaclient.conf", {}]
["2024-09-04T11:22:24.833", "DEBUG", "ubuntupro.files.files", "read", 60, "Tried to load /var/lib/ubuntu-advantage/user-config.json but file does not exist", {}]
["2024-09-04T11:22:24.842", "DEBUG", "ubuntupro.http", "configure_web_proxy", 146, "Setting no_proxy: 169.254.169.254,[fd00:ec2::254],metadata", {}]
["2024-09-04T11:22:24.842", "DEBUG", "ubuntupro.http", "configure_web_proxy", 154, "Setting global proxy dict", {}]
["2024-09-04T11:22:24.842", "DEBUG", "ubuntupro.cli", "main", 1821, "Executed with sys.argv: ['/usr/bin/pro', 'security-status', '--format=json']", {}]
["2024-09-04T11:22:24.842", "DEBUG", "ubuntupro.files.files", "read", 60, "Tried to load /var/lib/ubuntu-advantage/machine-token.json but file does not exist", {}]
["2024-09-04T11:22:25.176", "DEBUG", "ubuntupro.system", "load_file", 517, "Reading file: /etc/os-release", {}]
["2024-09-04T11:22:25.194", "DEBUG", "ubuntupro.system", "load_file", 517, "Reading file: /var/run/reboot-required.pkgs", {}]
["2024-09-04T11:22:25.195", "DEBUG", "ubuntupro.system", "load_file", 517, "Reading file: /var/run/reboot-required.pkgs", {}]
["2024-09-04T11:22:25.195", "DEBUG", "ubuntupro.livepatch", "status", 126, "canonical-livepatch is not installed", {}]
["2024-09-04T11:22:25.195", "DEBUG", "ubuntupro.livepatch", "status", 126, "canonical-livepatch is not installed", {}]
["2024-09-04T11:22:25.195", "DEBUG", "ubuntupro.system", "load_file", 517, "Reading file: /proc/version_signature", {}]
["2024-09-04T11:22:25.197", "WARNING", "ubuntupro.system", "_get_kernel_build_date", 131, "Unable to parse build date from uname version", {}]
["2024-09-04T11:22:25.205", "WARNING", "ubuntupro.system", "_get_kernel_changelog_timestamp", 104, "Falling back to using timestamp of kernel changelog", {}]
["2024-09-12T11:37:33.242", "DEBUG", "ubuntupro.config", "parse_config", 633, "Using client configuration file at /etc/ubuntu-advantage/uaclient.conf", {}]
["2024-09-12T11:37:33.243", "DEBUG", "ubuntupro.system", "load_file", 517, "Reading file: /etc/ubuntu-advantage/uaclient.conf", {}]
["2024-09-12T11:37:33.244", "DEBUG", "ubuntupro.files.files", "read", 60, "Tried to load /var/lib/ubuntu-advantage/user-config.json but file does not exist", {}]
["2024-09-12T11:37:33.254", "DEBUG", "ubuntupro.http", "configure_web_proxy", 146, "Setting no_proxy: 169.254.169.254,[fd00:ec2::254],metadata", {}]
["2024-09-12T11:37:33.254", "DEBUG", "ubuntupro.http", "configure_web_proxy", 154, "Setting global proxy dict", {}]
["2024-09-12T11:37:33.254", "DEBUG", "ubuntupro.cli", "main", 1821, "Executed with sys.argv: ['/usr/bin/pro', 'security-status', '--format=json']", {}]
["2024-09-12T11:37:33.254", "DEBUG", "ubuntupro.files.files", "read", 60, "Tried to load /var/lib/ubuntu-advantage/machine-token.json but file does not exist", {}]
["2024-09-12T11:37:33.695", "DEBUG", "ubuntupro.system", "load_file", 517, "Reading file: /etc/os-release", {}]
["2024-09-12T11:37:33.716", "DEBUG", "ubuntupro.livepatch", "status", 126, "canonical-livepatch is not installed", {}]
["2024-09-12T11:37:33.716", "DEBUG", "ubuntupro.livepatch", "status", 126, "canonical-livepatch is not installed", {}]
["2024-09-12T11:37:33.716", "DEBUG", "ubuntupro.system", "load_file", 517, "Reading file: /proc/version_signature", {}]
["2024-09-12T11:37:33.719", "WARNING", "ubuntupro.system", "_get_kernel_build_date", 131, "Unable to parse build date from uname version", {}]
["2024-09-12T11:37:33.728", "WARNING", "ubuntupro.system", "_get_kernel_changelog_timestamp", 104, "Falling back to using timestamp of kernel changelog", {}]
["2024-09-20T10:38:14.967", "DEBUG", "ubuntupro.config", "parse_config", 633, "Using client configuration file at /etc/ubuntu-advantage/uaclient.conf", {}]
["2024-09-20T10:38:14.968", "DEBUG", "ubuntupro.system", "load_file", 517, "Reading file: /etc/ubuntu-advantage/uaclient.conf", {}]
["2024-09-20T10:38:14.969", "DEBUG", "ubuntupro.files.files", "read", 60, "Tried to load /var/lib/ubuntu-advantage/user-config.json but file does not exist", {}]
["2024-09-20T10:38:14.978", "DEBUG", "ubuntupro.http", "configure_web_proxy", 146, "Setting no_proxy: 169.254.169.254,[fd00:ec2::254],metadata", {}]
["2024-09-20T10:38:14.978", "DEBUG", "ubuntupro.http", "configure_web_proxy", 154, "Setting global proxy dict", {}]
["2024-09-20T10:38:14.978", "DEBUG", "ubuntupro.cli", "main", 1821, "Executed with sys.argv: ['/usr/bin/pro', 'security-status', '--format=json']", {}]
["2024-09-20T10:38:14.978", "DEBUG", "ubuntupro.files.files", "read", 60, "Tried to load /var/lib/ubuntu-advantage/machine-token.json but file does not exist", {}]
["2024-09-20T10:38:15.342", "DEBUG", "ubuntupro.system", "load_file", 517, "Reading file: /etc/os-release", {}]
["2024-09-20T10:38:15.361", "DEBUG", "ubuntupro.livepatch", "status", 126, "canonical-livepatch is not installed", {}]
["2024-09-20T10:38:15.362", "DEBUG", "ubuntupro.livepatch", "status", 126, "canonical-livepatch is not installed", {}]
["2024-09-20T10:38:15.362", "DEBUG", "ubuntupro.system", "load_file", 517, "Reading file: /proc/version_signature", {}]
["2024-09-20T10:38:15.364", "WARNING", "ubuntupro.system", "_get_kernel_build_date", 131, "Unable to parse build date from uname version", {}]
["2024-09-20T10:38:15.372", "WARNING", "ubuntupro.system", "_get_kernel_changelog_timestamp", 104, "Falling back to using timestamp of kernel changelog", {}]
["2024-09-30T08:44:30.280", "DEBUG", "ubuntupro.config", "parse_config", 633, "Using client configuration file at /etc/ubuntu-advantage/uaclient.conf", {}]
["2024-09-30T08:44:30.280", "DEBUG", "ubuntupro.system", "load_file", 517, "Reading file: /etc/ubuntu-advantage/uaclient.conf", {}]
["2024-09-30T08:44:30.281", "DEBUG", "ubuntupro.files.files", "read", 60, "Tried to load /var/lib/ubuntu-advantage/user-config.json but file does not exist", {}]
["2024-09-30T08:44:30.290", "DEBUG", "ubuntupro.http", "configure_web_proxy", 146, "Setting no_proxy: 169.254.169.254,[fd00:ec2::254],metadata", {}]
["2024-09-30T08:44:30.290", "DEBUG", "ubuntupro.http", "configure_web_proxy", 154, "Setting global proxy dict", {}]
["2024-09-30T08:44:30.290", "DEBUG", "ubuntupro.cli", "main", 1821, "Executed with sys.argv: ['/usr/bin/pro', 'security-status', '--format=json']", {}]
["2024-09-30T08:44:30.290", "DEBUG", "ubuntupro.files.files", "read", 60, "Tried to load /var/lib/ubuntu-advantage/machine-token.json but file does not exist", {}]
["2024-09-30T08:44:30.640", "DEBUG", "ubuntupro.system", "load_file", 517, "Reading file: /etc/os-release", {}]
["2024-09-30T08:44:30.660", "DEBUG", "ubuntupro.livepatch", "status", 126, "canonical-livepatch is not installed", {}]
["2024-09-30T08:44:30.660", "DEBUG", "ubuntupro.livepatch", "status", 126, "canonical-livepatch is not installed", {}]
["2024-09-30T08:44:30.660", "DEBUG", "ubuntupro.system", "load_file", 517, "Reading file: /proc/version_signature", {}]
["2024-09-30T08:44:30.663", "WARNING", "ubuntupro.system", "_get_kernel_build_date", 131, "Unable to parse build date from uname version", {}]
["2024-09-30T08:44:30.675", "WARNING", "ubuntupro.system", "_get_kernel_changelog_timestamp", 104, "Falling back to using timestamp of kernel changelog", {}]
["2024-10-07T10:36:56.374", "DEBUG", "ubuntupro.config", "parse_config", 633, "Using client configuration file at /etc/ubuntu-advantage/uaclient.conf", {}]
["2024-10-07T10:36:56.375", "DEBUG", "ubuntupro.system", "load_file", 517, "Reading file: /etc/ubuntu-advantage/uaclient.conf", {}]
["2024-10-07T10:36:56.375", "DEBUG", "ubuntupro.files.files", "read", 60, "Tried to load /var/lib/ubuntu-advantage/user-config.json but file does not exist", {}]
["2024-10-07T10:36:56.384", "DEBUG", "ubuntupro.http", "configure_web_proxy", 146, "Setting no_proxy: 169.254.169.254,[fd00:ec2::254],metadata", {}]
["2024-10-07T10:36:56.384", "DEBUG", "ubuntupro.http", "configure_web_proxy", 154, "Setting global proxy dict", {}]
["2024-10-07T10:36:56.384", "DEBUG", "ubuntupro.cli", "main", 1821, "Executed with sys.argv: ['/usr/bin/pro', 'security-status', '--format=json']", {}]
["2024-10-07T10:36:56.384", "DEBUG", "ubuntupro.files.files", "read", 60, "Tried to load /var/lib/ubuntu-advantage/machine-token.json but file does not exist", {}]
["2024-10-07T10:36:56.721", "DEBUG", "ubuntupro.system", "load_file", 517, "Reading file: /etc/os-release", {}]
["2024-10-07T10:36:56.739", "DEBUG", "ubuntupro.livepatch", "status", 126, "canonical-livepatch is not installed", {}]
["2024-10-07T10:36:56.739", "DEBUG", "ubuntupro.livepatch", "status", 126, "canonical-livepatch is not installed", {}]
["2024-10-07T10:36:56.739", "DEBUG", "ubuntupro.system", "load_file", 517, "Reading file: /proc/version_signature", {}]
["2024-10-07T10:36:56.742", "WARNING", "ubuntupro.system", "_get_kernel_build_date", 131, "Unable to parse build date from uname version", {}]
["2024-10-07T10:36:56.750", "WARNING", "ubuntupro.system", "_get_kernel_changelog_timestamp", 104, "Falling back to using timestamp of kernel changelog", {}]
["2024-10-07T10:46:21.985", "DEBUG", "ubuntupro.config", "parse_config", 476, "Using client configuration file at /etc/ubuntu-advantage/uaclient.conf", {}]
["2024-10-07T10:46:21.989", "DEBUG", "ubuntupro.system", "load_file", 536, "Reading file: /etc/ubuntu-advantage/uaclient.conf", {}]
["2024-10-07T10:46:21.990", "DEBUG", "ubuntupro.files.files", "read", 58, "Tried to load /var/lib/ubuntu-advantage/user-config.json but file does not exist", {}]
["2024-10-07T10:46:21.998", "DEBUG", "ubuntupro.http", "configure_web_proxy", 146, "Setting no_proxy: 169.254.169.254,[fd00:ec2::254],metadata", {}]
["2024-10-07T10:46:21.998", "DEBUG", "ubuntupro.http", "configure_web_proxy", 154, "Setting global proxy dict", {}]
["2024-10-07T10:46:21.998", "DEBUG", "ubuntupro.cli", "main", 283, "Executed with sys.argv: ['/usr/bin/pro', 'security-status', '--format=json']", {}]
["2024-10-07T10:46:21.998", "DEBUG", "ubuntupro.files.files", "read", 58, "Tried to load /var/lib/ubuntu-advantage/machine-token.json but file does not exist", {}]
["2024-10-07T10:46:21.998", "DEBUG", "ubuntupro.files.files", "read", 58, "Tried to load /var/lib/ubuntu-advantage/machine-token.json but file does not exist", {}]
["2024-10-07T10:46:22.344", "DEBUG", "ubuntupro.system", "load_file", 536, "Reading file: /etc/os-release", {}]
["2024-10-07T10:46:22.361", "DEBUG", "ubuntupro.livepatch", "status", 126, "canonical-livepatch is not installed", {}]
["2024-10-07T10:46:22.362", "DEBUG", "ubuntupro.livepatch", "status", 126, "canonical-livepatch is not installed", {}]
["2024-10-07T10:46:22.362", "DEBUG", "ubuntupro.system", "load_file", 536, "Reading file: /proc/version_signature", {}]
["2024-10-07T10:46:22.364", "WARNING", "ubuntupro.system", "_get_kernel_build_date", 140, "Unable to parse build date from uname version", {}]
["2024-10-07T10:46:22.370", "WARNING", "ubuntupro.system", "_get_kernel_changelog_timestamp", 113, "Falling back to using timestamp of kernel changelog", {}]
["2024-10-07T10:47:43.352", "DEBUG", "ubuntupro.config", "parse_config", 476, "Using client configuration file at /etc/ubuntu-advantage/uaclient.conf", {}]
["2024-10-07T10:47:43.355", "DEBUG", "ubuntupro.system", "load_file", 536, "Reading file: /etc/ubuntu-advantage/uaclient.conf", {}]
["2024-10-07T10:47:43.356", "DEBUG", "ubuntupro.files.files", "read", 58, "Tried to load /var/lib/ubuntu-advantage/user-config.json but file does not exist", {}]
["2024-10-07T10:47:43.364", "DEBUG", "ubuntupro.http", "configure_web_proxy", 146, "Setting no_proxy: 169.254.169.254,[fd00:ec2::254],metadata", {}]
["2024-10-07T10:47:43.364", "DEBUG", "ubuntupro.http", "configure_web_proxy", 154, "Setting global proxy dict", {}]
["2024-10-07T10:47:43.364", "DEBUG", "ubuntupro.cli", "main", 283, "Executed with sys.argv: ['/usr/bin/pro', 'security-status', '--format=json']", {}]
["2024-10-07T10:47:43.364", "DEBUG", "ubuntupro.files.files", "read", 58, "Tried to load /var/lib/ubuntu-advantage/machine-token.json but file does not exist", {}]
["2024-10-07T10:47:43.365", "DEBUG", "ubuntupro.files.files", "read", 58, "Tried to load /var/lib/ubuntu-advantage/machine-token.json but file does not exist", {}]
["2024-10-07T10:47:43.713", "DEBUG", "ubuntupro.system", "load_file", 536, "Reading file: /etc/os-release", {}]
["2024-10-07T10:47:43.730", "DEBUG", "ubuntupro.livepatch", "status", 126, "canonical-livepatch is not installed", {}]
["2024-10-07T10:47:43.731", "DEBUG", "ubuntupro.livepatch", "status", 126, "canonical-livepatch is not installed", {}]
["2024-10-07T10:47:43.731", "DEBUG", "ubuntupro.system", "load_file", 536, "Reading file: /proc/version_signature", {}]
["2024-10-07T10:47:43.734", "WARNING", "ubuntupro.system", "_get_kernel_build_date", 140, "Unable to parse build date from uname version", {}]
["2024-10-07T10:47:43.739", "WARNING", "ubuntupro.system", "_get_kernel_changelog_timestamp", 113, "Falling back to using timestamp of kernel changelog", {}]
["2024-10-07T10:48:02.961", "DEBUG", "ubuntupro.config", "parse_config", 476, "Using client configuration file at /etc/ubuntu-advantage/uaclient.conf", {}]
["2024-10-07T10:48:02.963", "DEBUG", "ubuntupro.system", "load_file", 536, "Reading file: /etc/ubuntu-advantage/uaclient.conf", {}]
["2024-10-07T10:48:02.964", "DEBUG", "ubuntupro.files.files", "read", 58, "Tried to load /var/lib/ubuntu-advantage/user-config.json but file does not exist", {}]
["2024-10-07T10:48:02.972", "DEBUG", "ubuntupro.http", "configure_web_proxy", 146, "Setting no_proxy: 169.254.169.254,[fd00:ec2::254],metadata", {}]
["2024-10-07T10:48:02.973", "DEBUG", "ubuntupro.http", "configure_web_proxy", 154, "Setting global proxy dict", {}]
["2024-10-07T10:48:02.973", "DEBUG", "ubuntupro.cli", "main", 283, "Executed with sys.argv: ['/usr/bin/pro', 'security-status', '--format=json']", {}]
["2024-10-07T10:48:02.973", "DEBUG", "ubuntupro.files.files", "read", 58, "Tried to load /var/lib/ubuntu-advantage/machine-token.json but file does not exist", {}]
["2024-10-07T10:48:02.973", "DEBUG", "ubuntupro.files.files", "read", 58, "Tried to load /var/lib/ubuntu-advantage/machine-token.json but file does not exist", {}]
["2024-10-07T10:48:03.331", "DEBUG", "ubuntupro.system", "load_file", 536, "Reading file: /etc/os-release", {}]
["2024-10-07T10:48:03.370", "DEBUG", "ubuntupro.livepatch", "status", 126, "canonical-livepatch is not installed", {}]
["2024-10-07T10:48:03.370", "DEBUG", "ubuntupro.livepatch", "status", 126, "canonical-livepatch is not installed", {}]
["2024-10-07T10:48:03.371", "DEBUG", "ubuntupro.system", "load_file", 536, "Reading file: /proc/version_signature", {}]
["2024-10-07T10:48:03.373", "WARNING", "ubuntupro.system", "_get_kernel_build_date", 140, "Unable to parse build date from uname version", {}]
["2024-10-07T10:48:03.379", "WARNING", "ubuntupro.system", "_get_kernel_changelog_timestamp", 113, "Falling back to using timestamp of kernel changelog", {}]
