2024-11-07 09:10:15.959 [info] Reading sessions from keychain...
2024-11-07 09:10:15.959 [info] Getting sessions for all scopes...
2024-11-07 09:10:15.959 [info] Getting sessions for all scopes...
2024-11-07 09:10:15.959 [info] Getting sessions for all scopes...
2024-11-07 09:10:15.959 [info] Getting sessions for read:user,repo,user:email,workflow...
2024-11-07 09:10:15.966 [info] Got 0 sessions for ...
2024-11-07 09:10:15.966 [info] Got 0 sessions for ...
2024-11-07 09:10:15.966 [info] Got 0 sessions for ...
2024-11-07 09:10:15.966 [info] Got 0 sessions for read:user,repo,user:email,workflow...
2024-11-07 09:10:20.874 [info] Logging in with 'any' account...
2024-11-07 09:10:20.874 [info] Logging in for the following scopes: read:user repo user:email workflow
2024-11-07 09:10:20.877 [info] Trying without local server... (read:user repo user:email workflow)
2024-11-07 09:10:37.540 [info] Exchanging code for token...
2024-11-07 09:10:38.196 [info] Token exchange success!
2024-11-07 09:10:38.199 [info] Getting user info...
2024-11-07 09:10:41.763 [info] Got account info!
2024-11-07 09:10:41.765 [info] Storing 1 sessions...
2024-11-07 09:10:41.825 [info] Reading sessions from keychain...
2024-11-07 09:10:41.825 [info] Stored 1 sessions!
2024-11-07 09:10:41.825 [info] Login success!
2024-11-07 09:10:41.837 [info] Got stored sessions!
2024-11-07 09:10:41.838 [info] Got 1 verified sessions.
